  BasicThreadPool.cpp
  ctools.cpp
  FacVec.cpp
C:\Users\kopni\Desktop\RSANTLConsole\NTLStaticLibrary\include\NTL/sp_arith.h(322): warning C4554: <<: проверьте порядок применения операторов на наличие ошибки; для четкого задания порядка используйте скобки
  FFT.cpp
C:\Users\kopni\Desktop\RSANTLConsole\NTLStaticLibrary\include\NTL/sp_arith.h(322): warning C4554: <<: проверьте порядок применения операторов на наличие ошибки; для четкого задания порядка используйте скобки
src\FFT.cpp(640): warning C4101: j: неиспользованная локальная переменная
src\FFT.cpp(663): warning C4101: j: неиспользованная локальная переменная
src\FFT.cpp(663): warning C4101: i: неиспользованная локальная переменная
src\FFT.cpp(711): warning C4101: j: неиспользованная локальная переменная
src\FFT.cpp(734): warning C4101: j: неиспользованная локальная переменная
src\FFT.cpp(734): warning C4101: i: неиспользованная локальная переменная
  fileio.cpp
src\fileio.cpp(60): warning C4996: 'strcpy': This function or variable may be unsafe. Consider using strcpy_s instead. To disable deprecation, use _CRT_SECURE_NO_WARNINGS. See online help for details.
  C:\Program Files (x86)\Windows Kits\10\Include\10.0.10240.0\ucrt\string.h(119): note:  см. объявление "strcpy"
src\fileio.cpp(119): warning C4244: инициализация: преобразование "time_t" в "unsigned long", возможна потеря данных
  GetPID.cpp
  GetTime.cpp
  GF2.cpp
C:\Users\kopni\Desktop\RSANTLConsole\NTLStaticLibrary\include\NTL/sp_arith.h(322): warning C4554: <<: проверьте порядок применения операторов на наличие ошибки; для четкого задания порядка используйте скобки
  GF2E.cpp
C:\Users\kopni\Desktop\RSANTLConsole\NTLStaticLibrary\include\NTL/sp_arith.h(322): warning C4554: <<: проверьте порядок применения операторов на наличие ошибки; для четкого задания порядка используйте скобки
  GF2EX.cpp
C:\Users\kopni\Desktop\RSANTLConsole\NTLStaticLibrary\include\NTL/sp_arith.h(322): warning C4554: <<: проверьте порядок применения операторов на наличие ошибки; для четкого задания порядка используйте скобки
  GF2EXFactoring.cpp
C:\Users\kopni\Desktop\RSANTLConsole\NTLStaticLibrary\include\NTL/sp_arith.h(322): warning C4554: <<: проверьте порядок применения операторов на наличие ошибки; для четкого задания порядка используйте скобки
  GF2X.cpp
C:\Users\kopni\Desktop\RSANTLConsole\NTLStaticLibrary\include\NTL/sp_arith.h(322): warning C4554: <<: проверьте порядок применения операторов на наличие ошибки; для четкого задания порядка используйте скобки
  GF2X1.cpp
C:\Users\kopni\Desktop\RSANTLConsole\NTLStaticLibrary\include\NTL/sp_arith.h(322): warning C4554: <<: проверьте порядок применения операторов на наличие ошибки; для четкого задания порядка используйте скобки
  GF2XFactoring.cpp
C:\Users\kopni\Desktop\RSANTLConsole\NTLStaticLibrary\include\NTL/sp_arith.h(322): warning C4554: <<: проверьте порядок применения операторов на наличие ошибки; для четкого задания порядка используйте скобки
  GF2XVec.cpp
C:\Users\kopni\Desktop\RSANTLConsole\NTLStaticLibrary\include\NTL/sp_arith.h(322): warning C4554: <<: проверьте порядок применения операторов на наличие ошибки; для четкого задания порядка используйте скобки
  G_LLL_FP.cpp
C:\Users\kopni\Desktop\RSANTLConsole\NTLStaticLibrary\include\NTL/sp_arith.h(322): warning C4554: <<: проверьте порядок применения операторов на наличие ошибки; для четкого задания порядка используйте скобки
  G_LLL_QP.cpp
C:\Users\kopni\Desktop\RSANTLConsole\NTLStaticLibrary\include\NTL/sp_arith.h(322): warning C4554: <<: проверьте порядок применения операторов на наличие ошибки; для четкого задания порядка используйте скобки
  G_LLL_RR.cpp
C:\Users\kopni\Desktop\RSANTLConsole\NTLStaticLibrary\include\NTL/sp_arith.h(322): warning C4554: <<: проверьте порядок применения операторов на наличие ошибки; для четкого задания порядка используйте скобки
  G_LLL_XD.cpp
C:\Users\kopni\Desktop\RSANTLConsole\NTLStaticLibrary\include\NTL/sp_arith.h(322): warning C4554: <<: проверьте порядок применения операторов на наличие ошибки; для четкого задания порядка используйте скобки
  HNF.cpp
C:\Users\kopni\Desktop\RSANTLConsole\NTLStaticLibrary\include\NTL/sp_arith.h(322): warning C4554: <<: проверьте порядок применения операторов на наличие ошибки; для четкого задания порядка используйте скобки
  Компиляция...
  lip.cpp
c:\users\kopni\desktop\rsantlconsole\ntlstaticlibrary\src\c_lip_impl.h(1784): warning C4146: применение унарного минуса к типу без знака; результат оставлен без знака
c:\users\kopni\desktop\rsantlconsole\ntlstaticlibrary\src\c_lip_impl.h(1832): warning C4146: применение унарного минуса к типу без знака; результат оставлен без знака
c:\users\kopni\desktop\rsantlconsole\ntlstaticlibrary\src\c_lip_impl.h(1917): warning C4146: применение унарного минуса к типу без знака; результат оставлен без знака
c:\users\kopni\desktop\rsantlconsole\ntlstaticlibrary\src\c_lip_impl.h(5631): warning C4146: применение унарного минуса к типу без знака; результат оставлен без знака
c:\users\kopni\desktop\rsantlconsole\ntlstaticlibrary\src\c_lip_impl.h(5684): warning C4101: c: неиспользованная локальная переменная
c:\users\kopni\desktop\rsantlconsole\ntlstaticlibrary\src\c_lip_impl.h(5829): warning C4146: применение унарного минуса к типу без знака; результат оставлен без знака
c:\users\kopni\desktop\rsantlconsole\ntlstaticlibrary\src\c_lip_impl.h(6755): warning C4099: _ntl_general_rem_one_struct: имя типа, ранее отображенное с помощью "class", теперь отображено с помощью "struct"
  c:\users\kopni\desktop\rsantlconsole\ntlstaticlibrary\src\c_lip_impl.h(6755): note:  см. объявление "_ntl_general_rem_one_struct"
  LLL.cpp
C:\Users\kopni\Desktop\RSANTLConsole\NTLStaticLibrary\include\NTL/sp_arith.h(322): warning C4554: <<: проверьте порядок применения операторов на наличие ошибки; для четкого задания порядка используйте скобки
  LLL_FP.cpp
C:\Users\kopni\Desktop\RSANTLConsole\NTLStaticLibrary\include\NTL/sp_arith.h(322): warning C4554: <<: проверьте порядок применения операторов на наличие ошибки; для четкого задания порядка используйте скобки
  LLL_QP.cpp
C:\Users\kopni\Desktop\RSANTLConsole\NTLStaticLibrary\include\NTL/sp_arith.h(322): warning C4554: <<: проверьте порядок применения операторов на наличие ошибки; для четкого задания порядка используйте скобки
  LLL_RR.cpp
C:\Users\kopni\Desktop\RSANTLConsole\NTLStaticLibrary\include\NTL/sp_arith.h(322): warning C4554: <<: проверьте порядок применения операторов на наличие ошибки; для четкого задания порядка используйте скобки
  LLL_XD.cpp
C:\Users\kopni\Desktop\RSANTLConsole\NTLStaticLibrary\include\NTL/sp_arith.h(322): warning C4554: <<: проверьте порядок применения операторов на наличие ошибки; для четкого задания порядка используйте скобки
  lzz_p.cpp
C:\Users\kopni\Desktop\RSANTLConsole\NTLStaticLibrary\include\NTL/sp_arith.h(322): warning C4554: <<: проверьте порядок применения операторов на наличие ошибки; для четкого задания порядка используйте скобки
  lzz_pE.cpp
C:\Users\kopni\Desktop\RSANTLConsole\NTLStaticLibrary\include\NTL/sp_arith.h(322): warning C4554: <<: проверьте порядок применения операторов на наличие ошибки; для четкого задания порядка используйте скобки
  lzz_pEX.cpp
C:\Users\kopni\Desktop\RSANTLConsole\NTLStaticLibrary\include\NTL/sp_arith.h(322): warning C4554: <<: проверьте порядок применения операторов на наличие ошибки; для четкого задания порядка используйте скобки
  lzz_pEXFactoring.cpp
C:\Users\kopni\Desktop\RSANTLConsole\NTLStaticLibrary\include\NTL/sp_arith.h(322): warning C4554: <<: проверьте порядок применения операторов на наличие ошибки; для четкого задания порядка используйте скобки
  lzz_pX.cpp
C:\Users\kopni\Desktop\RSANTLConsole\NTLStaticLibrary\include\NTL/sp_arith.h(322): warning C4554: <<: проверьте порядок применения операторов на наличие ошибки; для четкого задания порядка используйте скобки
src\lzz_pX.cpp(1342): warning C4101: i: неиспользованная локальная переменная
  lzz_pX1.cpp
C:\Users\kopni\Desktop\RSANTLConsole\NTLStaticLibrary\include\NTL/sp_arith.h(322): warning C4554: <<: проверьте порядок применения операторов на наличие ошибки; для четкого задания порядка используйте скобки
  lzz_pXCharPoly.cpp
C:\Users\kopni\Desktop\RSANTLConsole\NTLStaticLibrary\include\NTL/sp_arith.h(322): warning C4554: <<: проверьте порядок применения операторов на наличие ошибки; для четкого задания порядка используйте скобки
  lzz_pXFactoring.cpp
C:\Users\kopni\Desktop\RSANTLConsole\NTLStaticLibrary\include\NTL/sp_arith.h(322): warning C4554: <<: проверьте порядок применения операторов на наличие ошибки; для четкого задания порядка используйте скобки
  mat_GF2.cpp
C:\Users\kopni\Desktop\RSANTLConsole\NTLStaticLibrary\include\NTL/sp_arith.h(322): warning C4554: <<: проверьте порядок применения операторов на наличие ошибки; для четкого задания порядка используйте скобки
  mat_GF2E.cpp
C:\Users\kopni\Desktop\RSANTLConsole\NTLStaticLibrary\include\NTL/sp_arith.h(322): warning C4554: <<: проверьте порядок применения операторов на наличие ошибки; для четкого задания порядка используйте скобки
  mat_lzz_p.cpp
C:\Users\kopni\Desktop\RSANTLConsole\NTLStaticLibrary\include\NTL/sp_arith.h(322): warning C4554: <<: проверьте порядок применения операторов на наличие ошибки; для четкого задания порядка используйте скобки
  mat_lzz_pE.cpp
C:\Users\kopni\Desktop\RSANTLConsole\NTLStaticLibrary\include\NTL/sp_arith.h(322): warning C4554: <<: проверьте порядок применения операторов на наличие ошибки; для четкого задания порядка используйте скобки
  mat_poly_lzz_p.cpp
C:\Users\kopni\Desktop\RSANTLConsole\NTLStaticLibrary\include\NTL/sp_arith.h(322): warning C4554: <<: проверьте порядок применения операторов на наличие ошибки; для четкого задания порядка используйте скобки
  mat_poly_ZZ.cpp
C:\Users\kopni\Desktop\RSANTLConsole\NTLStaticLibrary\include\NTL/sp_arith.h(322): warning C4554: <<: проверьте порядок применения операторов на наличие ошибки; для четкого задания порядка используйте скобки
  Компиляция...
  mat_poly_ZZ_p.cpp
C:\Users\kopni\Desktop\RSANTLConsole\NTLStaticLibrary\include\NTL/sp_arith.h(322): warning C4554: <<: проверьте порядок применения операторов на наличие ошибки; для четкого задания порядка используйте скобки
  mat_RR.cpp
C:\Users\kopni\Desktop\RSANTLConsole\NTLStaticLibrary\include\NTL/sp_arith.h(322): warning C4554: <<: проверьте порядок применения операторов на наличие ошибки; для четкого задания порядка используйте скобки
  mat_ZZ.cpp
C:\Users\kopni\Desktop\RSANTLConsole\NTLStaticLibrary\include\NTL/sp_arith.h(322): warning C4554: <<: проверьте порядок применения операторов на наличие ошибки; для четкого задания порядка используйте скобки
  mat_ZZ_p.cpp
C:\Users\kopni\Desktop\RSANTLConsole\NTLStaticLibrary\include\NTL/sp_arith.h(322): warning C4554: <<: проверьте порядок применения операторов на наличие ошибки; для четкого задания порядка используйте скобки
  mat_ZZ_pE.cpp
C:\Users\kopni\Desktop\RSANTLConsole\NTLStaticLibrary\include\NTL/sp_arith.h(322): warning C4554: <<: проверьте порядок применения операторов на наличие ошибки; для четкого задания порядка используйте скобки
  quad_float.cpp
C:\Users\kopni\Desktop\RSANTLConsole\NTLStaticLibrary\include\NTL/sp_arith.h(322): warning C4554: <<: проверьте порядок применения операторов на наличие ошибки; для четкого задания порядка используйте скобки
src\quad_float.cpp(614): warning C4146: применение унарного минуса к типу без знака; результат оставлен без знака
  RR.cpp
C:\Users\kopni\Desktop\RSANTLConsole\NTLStaticLibrary\include\NTL/sp_arith.h(322): warning C4554: <<: проверьте порядок применения операторов на наличие ошибки; для четкого задания порядка используйте скобки
  thread.cpp
  tools.cpp
  vec_GF2.cpp
C:\Users\kopni\Desktop\RSANTLConsole\NTLStaticLibrary\include\NTL/sp_arith.h(322): warning C4554: <<: проверьте порядок применения операторов на наличие ошибки; для четкого задания порядка используйте скобки
  vec_GF2E.cpp
C:\Users\kopni\Desktop\RSANTLConsole\NTLStaticLibrary\include\NTL/sp_arith.h(322): warning C4554: <<: проверьте порядок применения операторов на наличие ошибки; для четкого задания порядка используйте скобки
  vec_lzz_p.cpp
C:\Users\kopni\Desktop\RSANTLConsole\NTLStaticLibrary\include\NTL/sp_arith.h(322): warning C4554: <<: проверьте порядок применения операторов на наличие ошибки; для четкого задания порядка используйте скобки
src\vec_lzz_p.cpp(10): warning C4101: i: неиспользованная локальная переменная
src\vec_lzz_p.cpp(21): warning C4101: i: неиспользованная локальная переменная
  vec_lzz_pE.cpp
C:\Users\kopni\Desktop\RSANTLConsole\NTLStaticLibrary\include\NTL/sp_arith.h(322): warning C4554: <<: проверьте порядок применения операторов на наличие ошибки; для четкого задания порядка используйте скобки
  vec_RR.cpp
C:\Users\kopni\Desktop\RSANTLConsole\NTLStaticLibrary\include\NTL/sp_arith.h(322): warning C4554: <<: проверьте порядок применения операторов на наличие ошибки; для четкого задания порядка используйте скобки
  vec_ZZ.cpp
C:\Users\kopni\Desktop\RSANTLConsole\NTLStaticLibrary\include\NTL/sp_arith.h(322): warning C4554: <<: проверьте порядок применения операторов на наличие ошибки; для четкого задания порядка используйте скобки
  vec_ZZ_p.cpp
C:\Users\kopni\Desktop\RSANTLConsole\NTLStaticLibrary\include\NTL/sp_arith.h(322): warning C4554: <<: проверьте порядок применения операторов на наличие ошибки; для четкого задания порядка используйте скобки
  vec_ZZ_pE.cpp
C:\Users\kopni\Desktop\RSANTLConsole\NTLStaticLibrary\include\NTL/sp_arith.h(322): warning C4554: <<: проверьте порядок применения операторов на наличие ошибки; для четкого задания порядка используйте скобки
  WordVector.cpp
C:\Users\kopni\Desktop\RSANTLConsole\NTLStaticLibrary\include\NTL/sp_arith.h(322): warning C4554: <<: проверьте порядок применения операторов на наличие ошибки; для четкого задания порядка используйте скобки
  xdouble.cpp
C:\Users\kopni\Desktop\RSANTLConsole\NTLStaticLibrary\include\NTL/sp_arith.h(322): warning C4554: <<: проверьте порядок применения операторов на наличие ошибки; для четкого задания порядка используйте скобки
  ZZ.cpp
C:\Users\kopni\Desktop\RSANTLConsole\NTLStaticLibrary\include\NTL/sp_arith.h(322): warning C4554: <<: проверьте порядок применения операторов на наличие ошибки; для четкого задания порядка используйте скобки
src\ZZ.cpp(369): warning C4146: применение унарного минуса к типу без знака; результат оставлен без знака
src\ZZ.cpp(634): warning C4146: применение унарного минуса к типу без знака; результат оставлен без знака
src\ZZ.cpp(652): warning C4146: применение унарного минуса к типу без знака; результат оставлен без знака
src\ZZ.cpp(2133): warning C4244: =: преобразование "unsigned long" в "unsigned char", возможна потеря данных
src\ZZ.cpp(2134): warning C4244: =: преобразование "unsigned long" в "unsigned char", возможна потеря данных
  Компиляция...
  ZZVec.cpp
C:\Users\kopni\Desktop\RSANTLConsole\NTLStaticLibrary\include\NTL/sp_arith.h(322): warning C4554: <<: проверьте порядок применения операторов на наличие ошибки; для четкого задания порядка используйте скобки
  ZZX.cpp
C:\Users\kopni\Desktop\RSANTLConsole\NTLStaticLibrary\include\NTL/sp_arith.h(322): warning C4554: <<: проверьте порядок применения операторов на наличие ошибки; для четкого задания порядка используйте скобки
  ZZX1.cpp
C:\Users\kopni\Desktop\RSANTLConsole\NTLStaticLibrary\include\NTL/sp_arith.h(322): warning C4554: <<: проверьте порядок применения операторов на наличие ошибки; для четкого задания порядка используйте скобки
src\ZZX1.cpp(685): warning C4101: i: неиспользованная локальная переменная
  ZZXCharPoly.cpp
C:\Users\kopni\Desktop\RSANTLConsole\NTLStaticLibrary\include\NTL/sp_arith.h(322): warning C4554: <<: проверьте порядок применения операторов на наличие ошибки; для четкого задания порядка используйте скобки
  ZZXFactoring.cpp
C:\Users\kopni\Desktop\RSANTLConsole\NTLStaticLibrary\include\NTL/sp_arith.h(322): warning C4554: <<: проверьте порядок применения операторов на наличие ошибки; для четкого задания порядка используйте скобки
src\ZZXFactoring.cpp(1280): warning C4146: применение унарного минуса к типу без знака; результат оставлен без знака
src\ZZXFactoring.cpp(1282): warning C4146: применение унарного минуса к типу без знака; результат оставлен без знака
  ZZ_p.cpp
C:\Users\kopni\Desktop\RSANTLConsole\NTLStaticLibrary\include\NTL/sp_arith.h(322): warning C4554: <<: проверьте порядок применения операторов на наличие ошибки; для четкого задания порядка используйте скобки
  ZZ_pE.cpp
C:\Users\kopni\Desktop\RSANTLConsole\NTLStaticLibrary\include\NTL/sp_arith.h(322): warning C4554: <<: проверьте порядок применения операторов на наличие ошибки; для четкого задания порядка используйте скобки
  ZZ_pEX.cpp
C:\Users\kopni\Desktop\RSANTLConsole\NTLStaticLibrary\include\NTL/sp_arith.h(322): warning C4554: <<: проверьте порядок применения операторов на наличие ошибки; для четкого задания порядка используйте скобки
  ZZ_pEXFactoring.cpp
C:\Users\kopni\Desktop\RSANTLConsole\NTLStaticLibrary\include\NTL/sp_arith.h(322): warning C4554: <<: проверьте порядок применения операторов на наличие ошибки; для четкого задания порядка используйте скобки
  ZZ_pX.cpp
C:\Users\kopni\Desktop\RSANTLConsole\NTLStaticLibrary\include\NTL/sp_arith.h(322): warning C4554: <<: проверьте порядок применения операторов на наличие ошибки; для четкого задания порядка используйте скобки
  ZZ_pX1.cpp
C:\Users\kopni\Desktop\RSANTLConsole\NTLStaticLibrary\include\NTL/sp_arith.h(322): warning C4554: <<: проверьте порядок применения операторов на наличие ошибки; для четкого задания порядка используйте скобки
  ZZ_pXCharPoly.cpp
C:\Users\kopni\Desktop\RSANTLConsole\NTLStaticLibrary\include\NTL/sp_arith.h(322): warning C4554: <<: проверьте порядок применения операторов на наличие ошибки; для четкого задания порядка используйте скобки
  ZZ_pXFactoring.cpp
C:\Users\kopni\Desktop\RSANTLConsole\NTLStaticLibrary\include\NTL/sp_arith.h(322): warning C4554: <<: проверьте порядок применения операторов на наличие ошибки; для четкого задания порядка используйте скобки
  NTLStaticLibrary.vcxproj -> C:\Users\kopni\Desktop\RSANTLConsole\Release\NTLStaticLibrary.lib
