c:\users\kopni\desktop\rsantlconsole\ntlstaticlibrary\release\ntlstaticlibrary.pdb
c:\users\kopni\desktop\rsantlconsole\ntlstaticlibrary\release\hnf.obj
c:\users\kopni\desktop\rsantlconsole\ntlstaticlibrary\release\g_lll_xd.obj
c:\users\kopni\desktop\rsantlconsole\ntlstaticlibrary\release\g_lll_rr.obj
c:\users\kopni\desktop\rsantlconsole\ntlstaticlibrary\release\g_lll_qp.obj
c:\users\kopni\desktop\rsantlconsole\ntlstaticlibrary\release\g_lll_fp.obj
c:\users\kopni\desktop\rsantlconsole\ntlstaticlibrary\release\gf2xvec.obj
c:\users\kopni\desktop\rsantlconsole\ntlstaticlibrary\release\gf2xfactoring.obj
c:\users\kopni\desktop\rsantlconsole\ntlstaticlibrary\release\gf2x1.obj
c:\users\kopni\desktop\rsantlconsole\ntlstaticlibrary\release\gf2x.obj
c:\users\kopni\desktop\rsantlconsole\ntlstaticlibrary\release\gf2exfactoring.obj
c:\users\kopni\desktop\rsantlconsole\ntlstaticlibrary\release\gf2ex.obj
c:\users\kopni\desktop\rsantlconsole\ntlstaticlibrary\release\gf2e.obj
c:\users\kopni\desktop\rsantlconsole\ntlstaticlibrary\release\gf2.obj
c:\users\kopni\desktop\rsantlconsole\ntlstaticlibrary\release\gettime.obj
c:\users\kopni\desktop\rsantlconsole\ntlstaticlibrary\release\getpid.obj
c:\users\kopni\desktop\rsantlconsole\ntlstaticlibrary\release\fileio.obj
c:\users\kopni\desktop\rsantlconsole\ntlstaticlibrary\release\fft.obj
c:\users\kopni\desktop\rsantlconsole\ntlstaticlibrary\release\facvec.obj
c:\users\kopni\desktop\rsantlconsole\ntlstaticlibrary\release\ctools.obj
c:\users\kopni\desktop\rsantlconsole\ntlstaticlibrary\release\basicthreadpool.obj
c:\users\kopni\desktop\rsantlconsole\ntlstaticlibrary\release\mat_poly_zz.obj
c:\users\kopni\desktop\rsantlconsole\ntlstaticlibrary\release\mat_poly_lzz_p.obj
c:\users\kopni\desktop\rsantlconsole\ntlstaticlibrary\release\mat_lzz_pe.obj
c:\users\kopni\desktop\rsantlconsole\ntlstaticlibrary\release\mat_lzz_p.obj
c:\users\kopni\desktop\rsantlconsole\ntlstaticlibrary\release\mat_gf2e.obj
c:\users\kopni\desktop\rsantlconsole\ntlstaticlibrary\release\mat_gf2.obj
c:\users\kopni\desktop\rsantlconsole\ntlstaticlibrary\release\lzz_pxfactoring.obj
c:\users\kopni\desktop\rsantlconsole\ntlstaticlibrary\release\lzz_pxcharpoly.obj
c:\users\kopni\desktop\rsantlconsole\ntlstaticlibrary\release\lzz_px1.obj
c:\users\kopni\desktop\rsantlconsole\ntlstaticlibrary\release\lzz_px.obj
c:\users\kopni\desktop\rsantlconsole\ntlstaticlibrary\release\lzz_pexfactoring.obj
c:\users\kopni\desktop\rsantlconsole\ntlstaticlibrary\release\lzz_pex.obj
c:\users\kopni\desktop\rsantlconsole\ntlstaticlibrary\release\lzz_pe.obj
c:\users\kopni\desktop\rsantlconsole\ntlstaticlibrary\release\lzz_p.obj
c:\users\kopni\desktop\rsantlconsole\ntlstaticlibrary\release\lll_xd.obj
c:\users\kopni\desktop\rsantlconsole\ntlstaticlibrary\release\lll_rr.obj
c:\users\kopni\desktop\rsantlconsole\ntlstaticlibrary\release\lll_qp.obj
c:\users\kopni\desktop\rsantlconsole\ntlstaticlibrary\release\lll_fp.obj
c:\users\kopni\desktop\rsantlconsole\ntlstaticlibrary\release\lll.obj
c:\users\kopni\desktop\rsantlconsole\ntlstaticlibrary\release\lip.obj
c:\users\kopni\desktop\rsantlconsole\ntlstaticlibrary\release\zz.obj
c:\users\kopni\desktop\rsantlconsole\ntlstaticlibrary\release\xdouble.obj
c:\users\kopni\desktop\rsantlconsole\ntlstaticlibrary\release\wordvector.obj
c:\users\kopni\desktop\rsantlconsole\ntlstaticlibrary\release\vec_zz_pe.obj
c:\users\kopni\desktop\rsantlconsole\ntlstaticlibrary\release\vec_zz_p.obj
c:\users\kopni\desktop\rsantlconsole\ntlstaticlibrary\release\vec_zz.obj
c:\users\kopni\desktop\rsantlconsole\ntlstaticlibrary\release\vec_rr.obj
c:\users\kopni\desktop\rsantlconsole\ntlstaticlibrary\release\vec_lzz_pe.obj
c:\users\kopni\desktop\rsantlconsole\ntlstaticlibrary\release\vec_lzz_p.obj
c:\users\kopni\desktop\rsantlconsole\ntlstaticlibrary\release\vec_gf2e.obj
c:\users\kopni\desktop\rsantlconsole\ntlstaticlibrary\release\vec_gf2.obj
c:\users\kopni\desktop\rsantlconsole\ntlstaticlibrary\release\tools.obj
c:\users\kopni\desktop\rsantlconsole\ntlstaticlibrary\release\thread.obj
c:\users\kopni\desktop\rsantlconsole\ntlstaticlibrary\release\rr.obj
c:\users\kopni\desktop\rsantlconsole\ntlstaticlibrary\release\quad_float.obj
c:\users\kopni\desktop\rsantlconsole\ntlstaticlibrary\release\mat_zz_pe.obj
c:\users\kopni\desktop\rsantlconsole\ntlstaticlibrary\release\mat_zz_p.obj
c:\users\kopni\desktop\rsantlconsole\ntlstaticlibrary\release\mat_zz.obj
c:\users\kopni\desktop\rsantlconsole\ntlstaticlibrary\release\mat_rr.obj
c:\users\kopni\desktop\rsantlconsole\ntlstaticlibrary\release\mat_poly_zz_p.obj
c:\users\kopni\desktop\rsantlconsole\ntlstaticlibrary\release\zz_pxfactoring.obj
c:\users\kopni\desktop\rsantlconsole\ntlstaticlibrary\release\zz_pxcharpoly.obj
c:\users\kopni\desktop\rsantlconsole\ntlstaticlibrary\release\zz_px1.obj
c:\users\kopni\desktop\rsantlconsole\ntlstaticlibrary\release\zz_px.obj
c:\users\kopni\desktop\rsantlconsole\ntlstaticlibrary\release\zz_pexfactoring.obj
c:\users\kopni\desktop\rsantlconsole\ntlstaticlibrary\release\zz_pex.obj
c:\users\kopni\desktop\rsantlconsole\ntlstaticlibrary\release\zz_pe.obj
c:\users\kopni\desktop\rsantlconsole\ntlstaticlibrary\release\zz_p.obj
c:\users\kopni\desktop\rsantlconsole\ntlstaticlibrary\release\zzxfactoring.obj
c:\users\kopni\desktop\rsantlconsole\ntlstaticlibrary\release\zzxcharpoly.obj
c:\users\kopni\desktop\rsantlconsole\ntlstaticlibrary\release\zzx1.obj
c:\users\kopni\desktop\rsantlconsole\ntlstaticlibrary\release\zzx.obj
c:\users\kopni\desktop\rsantlconsole\ntlstaticlibrary\release\zzvec.obj
c:\users\kopni\desktop\rsantlconsole\release\ntlstaticlibrary.lib
c:\users\kopni\desktop\rsantlconsole\ntlstaticlibrary\release\ntlstaticlibrary.tlog\cl.command.1.tlog
c:\users\kopni\desktop\rsantlconsole\ntlstaticlibrary\release\ntlstaticlibrary.tlog\cl.read.1.tlog
c:\users\kopni\desktop\rsantlconsole\ntlstaticlibrary\release\ntlstaticlibrary.tlog\cl.write.1.tlog
c:\users\kopni\desktop\rsantlconsole\ntlstaticlibrary\release\ntlstaticlibrary.tlog\lib-link.read.1.tlog
c:\users\kopni\desktop\rsantlconsole\ntlstaticlibrary\release\ntlstaticlibrary.tlog\lib-link.write.1.tlog
c:\users\kopni\desktop\rsantlconsole\ntlstaticlibrary\release\ntlstaticlibrary.tlog\lib.command.1.tlog
