c:\work\rsantlconsole\ntlstaticlibrary\debug\ntlstaticlibrary.pdb
c:\work\rsantlconsole\ntlstaticlibrary\debug\ntlstaticlibrary.idb
c:\work\rsantlconsole\ntlstaticlibrary\debug\vec_rr.obj
c:\work\rsantlconsole\ntlstaticlibrary\debug\vec_zz.obj
c:\work\rsantlconsole\ntlstaticlibrary\debug\vec_zz_p.obj
c:\work\rsantlconsole\ntlstaticlibrary\debug\vec_zz_pe.obj
c:\work\rsantlconsole\ntlstaticlibrary\debug\wordvector.obj
c:\work\rsantlconsole\ntlstaticlibrary\debug\xdouble.obj
c:\work\rsantlconsole\ntlstaticlibrary\debug\zz.obj
c:\work\rsantlconsole\ntlstaticlibrary\debug\zzvec.obj
c:\work\rsantlconsole\ntlstaticlibrary\debug\zzx.obj
c:\work\rsantlconsole\ntlstaticlibrary\debug\zzx1.obj
c:\work\rsantlconsole\ntlstaticlibrary\debug\zzxcharpoly.obj
c:\work\rsantlconsole\ntlstaticlibrary\debug\zzxfactoring.obj
c:\work\rsantlconsole\ntlstaticlibrary\debug\zz_p.obj
c:\work\rsantlconsole\ntlstaticlibrary\debug\zz_pe.obj
c:\work\rsantlconsole\ntlstaticlibrary\debug\zz_pex.obj
c:\work\rsantlconsole\ntlstaticlibrary\debug\zz_pexfactoring.obj
c:\work\rsantlconsole\ntlstaticlibrary\debug\zz_px.obj
c:\work\rsantlconsole\ntlstaticlibrary\debug\zz_px1.obj
c:\work\rsantlconsole\ntlstaticlibrary\debug\zz_pxcharpoly.obj
c:\work\rsantlconsole\ntlstaticlibrary\debug\zz_pxfactoring.obj
c:\work\rsantlconsole\ntlstaticlibrary\debug\lzz_pxfactoring.obj
c:\work\rsantlconsole\ntlstaticlibrary\debug\mat_gf2.obj
c:\work\rsantlconsole\ntlstaticlibrary\debug\mat_gf2e.obj
c:\work\rsantlconsole\ntlstaticlibrary\debug\mat_lzz_p.obj
c:\work\rsantlconsole\ntlstaticlibrary\debug\mat_lzz_pe.obj
c:\work\rsantlconsole\ntlstaticlibrary\debug\mat_poly_lzz_p.obj
c:\work\rsantlconsole\ntlstaticlibrary\debug\mat_poly_zz.obj
c:\work\rsantlconsole\ntlstaticlibrary\debug\mat_poly_zz_p.obj
c:\work\rsantlconsole\ntlstaticlibrary\debug\mat_rr.obj
c:\work\rsantlconsole\ntlstaticlibrary\debug\mat_zz.obj
c:\work\rsantlconsole\ntlstaticlibrary\debug\mat_zz_p.obj
c:\work\rsantlconsole\ntlstaticlibrary\debug\mat_zz_pe.obj
c:\work\rsantlconsole\ntlstaticlibrary\debug\quad_float.obj
c:\work\rsantlconsole\ntlstaticlibrary\debug\rr.obj
c:\work\rsantlconsole\ntlstaticlibrary\debug\thread.obj
c:\work\rsantlconsole\ntlstaticlibrary\debug\tools.obj
c:\work\rsantlconsole\ntlstaticlibrary\debug\vec_gf2.obj
c:\work\rsantlconsole\ntlstaticlibrary\debug\vec_gf2e.obj
c:\work\rsantlconsole\ntlstaticlibrary\debug\vec_lzz_p.obj
c:\work\rsantlconsole\ntlstaticlibrary\debug\vec_lzz_pe.obj
c:\work\rsantlconsole\ntlstaticlibrary\debug\gf2xfactoring.obj
c:\work\rsantlconsole\ntlstaticlibrary\debug\gf2xvec.obj
c:\work\rsantlconsole\ntlstaticlibrary\debug\g_lll_fp.obj
c:\work\rsantlconsole\ntlstaticlibrary\debug\g_lll_qp.obj
c:\work\rsantlconsole\ntlstaticlibrary\debug\g_lll_rr.obj
c:\work\rsantlconsole\ntlstaticlibrary\debug\g_lll_xd.obj
c:\work\rsantlconsole\ntlstaticlibrary\debug\hnf.obj
c:\work\rsantlconsole\ntlstaticlibrary\debug\lip.obj
c:\work\rsantlconsole\ntlstaticlibrary\debug\lll.obj
c:\work\rsantlconsole\ntlstaticlibrary\debug\lll_fp.obj
c:\work\rsantlconsole\ntlstaticlibrary\debug\lll_qp.obj
c:\work\rsantlconsole\ntlstaticlibrary\debug\lll_rr.obj
c:\work\rsantlconsole\ntlstaticlibrary\debug\lll_xd.obj
c:\work\rsantlconsole\ntlstaticlibrary\debug\lzz_p.obj
c:\work\rsantlconsole\ntlstaticlibrary\debug\lzz_pe.obj
c:\work\rsantlconsole\ntlstaticlibrary\debug\lzz_pex.obj
c:\work\rsantlconsole\ntlstaticlibrary\debug\lzz_pexfactoring.obj
c:\work\rsantlconsole\ntlstaticlibrary\debug\lzz_px.obj
c:\work\rsantlconsole\ntlstaticlibrary\debug\lzz_px1.obj
c:\work\rsantlconsole\ntlstaticlibrary\debug\lzz_pxcharpoly.obj
c:\work\rsantlconsole\ntlstaticlibrary\debug\basicthreadpool.obj
c:\work\rsantlconsole\ntlstaticlibrary\debug\ctools.obj
c:\work\rsantlconsole\ntlstaticlibrary\debug\facvec.obj
c:\work\rsantlconsole\ntlstaticlibrary\debug\fft.obj
c:\work\rsantlconsole\ntlstaticlibrary\debug\fileio.obj
c:\work\rsantlconsole\ntlstaticlibrary\debug\getpid.obj
c:\work\rsantlconsole\ntlstaticlibrary\debug\gettime.obj
c:\work\rsantlconsole\ntlstaticlibrary\debug\gf2.obj
c:\work\rsantlconsole\ntlstaticlibrary\debug\gf2e.obj
c:\work\rsantlconsole\ntlstaticlibrary\debug\gf2ex.obj
c:\work\rsantlconsole\ntlstaticlibrary\debug\gf2exfactoring.obj
c:\work\rsantlconsole\ntlstaticlibrary\debug\gf2x.obj
c:\work\rsantlconsole\ntlstaticlibrary\debug\gf2x1.obj
c:\work\rsantlconsole\debug\ntlstaticlibrary.lib
c:\work\rsantlconsole\debug\ntlstaticlibrary.pdb
c:\work\rsantlconsole\ntlstaticlibrary\debug\ntlstaticlibrary.tlog\cl.command.1.tlog
c:\work\rsantlconsole\ntlstaticlibrary\debug\ntlstaticlibrary.tlog\cl.read.1.tlog
c:\work\rsantlconsole\ntlstaticlibrary\debug\ntlstaticlibrary.tlog\cl.write.1.tlog
c:\work\rsantlconsole\ntlstaticlibrary\debug\ntlstaticlibrary.tlog\lib-link.read.1.tlog
c:\work\rsantlconsole\ntlstaticlibrary\debug\ntlstaticlibrary.tlog\lib-link.write.1.tlog
c:\work\rsantlconsole\ntlstaticlibrary\debug\ntlstaticlibrary.tlog\lib.command.1.tlog
